build/app/intermediates/manifest_merge_blame_file/debug/manifest-merger-blame-debug-report.txt
1<?xml version="1.0" encoding="utf-8"?>
2<manifest xmlns:android="http://schemas.android.com/apk/res/android"
3    package="com.iconwizard.archlighthr"
4    android:versionCode="1"
5    android:versionName="1.0.0" >
6
7    <uses-sdk
8        android:minSdkVersion="21"
9        android:targetSdkVersion="33" />
10    <!--
11         The INTERNET permission is required for development. Specifically,
12         the Flutter tool needs it to communicate with the running application
13         to allow setting breakpoints, to provide hot reload, etc.
14    -->
15    <uses-permission android:name="android.permission.INTERNET" />
15-->src\main\AndroidManifest.xml:2:5-66
15-->src\main\AndroidManifest.xml:2:22-64
16    <uses-permission android:name="android.permission.ACCESS_FINE_LOCATION" /> <!-- #docregion android-queries -->
16-->src\main\AndroidManifest.xml:3:5-79
16-->src\main\AndroidManifest.xml:3:22-76
17    <!-- Provide required visibility configuration for API level 30 and above -->
18    <queries>
18-->src\main\AndroidManifest.xml:6:5-12:15
19
20        <!-- If your app checks for call support -->
21        <intent>
21-->src\main\AndroidManifest.xml:8:9-11:18
22            <action android:name="android.intent.action.VIEW" />
22-->src\main\AndroidManifest.xml:9:13-65
22-->src\main\AndroidManifest.xml:9:21-62
23
24            <data android:scheme="tel" />
24-->src\main\AndroidManifest.xml:10:13-42
24-->src\main\AndroidManifest.xml:10:19-39
25        </intent>
26
27        <package android:name="com.google.android.apps.maps" />
27-->[:map_launcher] AndroidManifest.xml:10:9-64
27-->[:map_launcher] AndroidManifest.xml:10:18-61
28        <package android:name="com.google.android.apps.mapslite" />
28-->[:map_launcher] AndroidManifest.xml:11:9-68
28-->[:map_launcher] AndroidManifest.xml:11:18-65
29        <package android:name="com.autonavi.minimap" />
29-->[:map_launcher] AndroidManifest.xml:12:9-56
29-->[:map_launcher] AndroidManifest.xml:12:18-53
30        <package android:name="com.baidu.BaiduMap" />
30-->[:map_launcher] AndroidManifest.xml:13:9-54
30-->[:map_launcher] AndroidManifest.xml:13:18-51
31        <package android:name="com.waze" />
31-->[:map_launcher] AndroidManifest.xml:14:9-44
31-->[:map_launcher] AndroidManifest.xml:14:18-41
32        <package android:name="ru.yandex.yandexnavi" />
32-->[:map_launcher] AndroidManifest.xml:15:9-56
32-->[:map_launcher] AndroidManifest.xml:15:18-53
33        <package android:name="ru.yandex.yandexmaps" />
33-->[:map_launcher] AndroidManifest.xml:16:9-56
33-->[:map_launcher] AndroidManifest.xml:16:18-53
34        <package android:name="com.citymapper.app.release" />
34-->[:map_launcher] AndroidManifest.xml:17:9-62
34-->[:map_launcher] AndroidManifest.xml:17:18-59
35        <package android:name="com.mapswithme.maps.pro" />
35-->[:map_launcher] AndroidManifest.xml:18:9-59
35-->[:map_launcher] AndroidManifest.xml:18:18-56
36        <package android:name="net.osmand" />
36-->[:map_launcher] AndroidManifest.xml:19:9-46
36-->[:map_launcher] AndroidManifest.xml:19:18-43
37        <package android:name="net.osmand.plus" />
37-->[:map_launcher] AndroidManifest.xml:20:9-51
37-->[:map_launcher] AndroidManifest.xml:20:18-48
38        <package android:name="ru.dublgis.dgismobile" />
38-->[:map_launcher] AndroidManifest.xml:21:9-57
38-->[:map_launcher] AndroidManifest.xml:21:18-54
39        <package android:name="com.tencent.map" />
39-->[:map_launcher] AndroidManifest.xml:22:9-51
39-->[:map_launcher] AndroidManifest.xml:22:18-48
40        <package android:name="com.here.app.maps" />
40-->[:map_launcher] AndroidManifest.xml:23:9-53
40-->[:map_launcher] AndroidManifest.xml:23:18-50
41        <package android:name="com.huawei.maps.app" />
41-->[:map_launcher] AndroidManifest.xml:24:9-55
41-->[:map_launcher] AndroidManifest.xml:24:18-52
42    </queries>
43
44    <uses-permission android:name="android.permission.CAMERA" />
44-->[:camera_android] AndroidManifest.xml:9:5-65
44-->[:camera_android] AndroidManifest.xml:9:22-62
45    <uses-permission android:name="android.permission.RECORD_AUDIO" />
45-->[:camera_android] AndroidManifest.xml:10:5-71
45-->[:camera_android] AndroidManifest.xml:10:22-68
46
47    <permission
47-->[androidx.core:core:1.10.1] AndroidManifest.xml:22:5-24:47
48        android:name="com.iconwizard.archlighthr.DYNAMIC_RECEIVER_NOT_EXPORTED_PERMISSION"
48-->[androidx.core:core:1.10.1] AndroidManifest.xml:23:9-81
49        android:protectionLevel="signature" />
49-->[androidx.core:core:1.10.1] AndroidManifest.xml:24:9-44
50
51    <uses-permission android:name="com.iconwizard.archlighthr.DYNAMIC_RECEIVER_NOT_EXPORTED_PERMISSION" />
51-->[androidx.core:core:1.10.1] AndroidManifest.xml:26:5-97
51-->[androidx.core:core:1.10.1] AndroidManifest.xml:26:22-94
52
53    <application
54        android:name="android.app.Application"
55        android:appComponentFactory="androidx.core.app.CoreComponentFactory"
55-->[androidx.core:core:1.10.1] AndroidManifest.xml:28:18-86
56        android:debuggable="true"
57        android:icon="@mipmap/ic_launcher"
58        android:label="Archlighth HR" >
59        <activity
60            android:name="com.iconwizard.archlighthr.MainActivity"
61            android:configChanges="orientation|keyboardHidden|keyboard|screenSize|smallestScreenSize|locale|layoutDirection|fontScale|screenLayout|density|uiMode"
62            android:exported="true"
63            android:hardwareAccelerated="true"
64            android:launchMode="singleTop"
65            android:theme="@style/LaunchTheme"
66            android:windowSoftInputMode="adjustResize" >
67
68            <!--
69                 Specifies an Android theme to apply to this Activity as soon as
70                 the Android process has started. This theme is visible to the user
71                 while the Flutter UI initializes. After that, this theme continues
72                 to determine the Window background behind the Flutter UI.
73            -->
74            <meta-data
75                android:name="io.flutter.embedding.android.NormalTheme"
76                android:resource="@style/NormalTheme" />
77
78            <intent-filter>
79                <action android:name="android.intent.action.MAIN" />
80
81                <category android:name="android.intent.category.LAUNCHER" />
82            </intent-filter>
83        </activity>
84
85        <meta-data
86            android:name="com.google.android.geo.API_KEY"
87            android:value="AIzaSyDSloRmchjfZhHX2u-vXo1i9uGX7Qj7AV0" />
88        <!--
89             Don't delete the meta-data below.
90             This is used by the Flutter tool to generate GeneratedPluginRegistrant.java
91        -->
92        <meta-data
93            android:name="flutterEmbedding"
94            android:value="2" />
95
96        <service
96-->[:geolocator_android] AndroidManifest.xml:10:9-14:56
97            android:name="com.baseflow.geolocator.GeolocatorLocationService"
97-->[:geolocator_android] AndroidManifest.xml:11:13-77
98            android:enabled="true"
98-->[:geolocator_android] AndroidManifest.xml:12:13-35
99            android:exported="false"
99-->[:geolocator_android] AndroidManifest.xml:13:13-37
100            android:foregroundServiceType="location" />
100-->[:geolocator_android] AndroidManifest.xml:14:13-53
101
102        <activity
102-->[:url_launcher_android] AndroidManifest.xml:10:9-13:74
103            android:name="io.flutter.plugins.urllauncher.WebViewActivity"
103-->[:url_launcher_android] AndroidManifest.xml:11:13-74
104            android:exported="false"
104-->[:url_launcher_android] AndroidManifest.xml:12:13-37
105            android:theme="@android:style/Theme.NoTitleBar.Fullscreen" />
105-->[:url_launcher_android] AndroidManifest.xml:13:13-71
106
107        <uses-library
107-->[androidx.window:window:1.0.0-beta04] AndroidManifest.xml:25:9-27:40
108            android:name="androidx.window.extensions"
108-->[androidx.window:window:1.0.0-beta04] AndroidManifest.xml:26:13-54
109            android:required="false" />
109-->[androidx.window:window:1.0.0-beta04] AndroidManifest.xml:27:13-37
110        <uses-library
110-->[androidx.window:window:1.0.0-beta04] AndroidManifest.xml:28:9-30:40
111            android:name="androidx.window.sidecar"
111-->[androidx.window:window:1.0.0-beta04] AndroidManifest.xml:29:13-51
112            android:required="false" />
112-->[androidx.window:window:1.0.0-beta04] AndroidManifest.xml:30:13-37
113
114        <activity
114-->[com.google.android.gms:play-services-base:18.1.0] AndroidManifest.xml:20:9-22:45
115            android:name="com.google.android.gms.common.api.GoogleApiActivity"
115-->[com.google.android.gms:play-services-base:18.1.0] AndroidManifest.xml:20:19-85
116            android:exported="false"
116-->[com.google.android.gms:play-services-base:18.1.0] AndroidManifest.xml:22:19-43
117            android:theme="@android:style/Theme.Translucent.NoTitleBar" />
117-->[com.google.android.gms:play-services-base:18.1.0] AndroidManifest.xml:21:19-78
118
119        <meta-data
119-->[com.google.android.gms:play-services-basement:18.1.0] AndroidManifest.xml:21:9-23:69
120            android:name="com.google.android.gms.version"
120-->[com.google.android.gms:play-services-basement:18.1.0] AndroidManifest.xml:22:13-58
121            android:value="@integer/google_play_services_version" />
121-->[com.google.android.gms:play-services-basement:18.1.0] AndroidManifest.xml:23:13-66
122    </application>
123
124</manifest>